TN:
SF:/Users/user/Sites/zeppelin-solidity/contracts/Bounty.sol
FN:19,
FN:25,createTarget
FN:34,claim
FNF:3
FNH:3
FNDA:4,
FNDA:2,createTarget
FNDA:2,claim
DA:20,4
DA:21,0
DA:26,2
DA:27,2
DA:28,2
DA:29,2
DA:35,2
DA:36,2
DA:37,0
DA:40,2
DA:41,1
DA:43,1
DA:44,1
LF:13
LH:11
BRDA:20,1,0,0
BRDA:20,1,1,4
BRDA:36,2,0,0
BRDA:36,2,1,2
BRDA:40,3,0,1
BRDA:40,3,1,1
BRF:6
BRH:4
end_of_record
TN:
SF:/Users/user/Sites/zeppelin-solidity/contracts/DayLimit.sol
FN:17,DayLimit
FN:23,_setDailyLimit
FN:28,_resetSpentToday
FN:34,underLimit
FN:50,today
FN:56,limitedDaily
FNF:6
FNH:6
FNDA:9,DayLimit
FNDA:1,_setDailyLimit
FNDA:1,_resetSpentToday
FNDA:15,underLimit
FNDA:24,today
FNDA:10,limitedDaily
DA:18,9
DA:19,9
DA:24,1
DA:29,1
DA:36,15
DA:37,0
DA:38,0
DA:42,15
DA:43,10
DA:44,10
DA:46,5
DA:51,24
DA:57,10
DA:58,3
DA:60,7
LF:15
LH:13
BRDA:36,1,0,0
BRDA:36,1,1,15
BRDA:42,2,0,10
BRDA:42,2,1,5
BRDA:57,3,0,3
BRDA:57,3,1,7
BRF:6
BRH:5
end_of_record
TN:
SF:/Users/user/Sites/zeppelin-solidity/contracts/lifecycle/Destructible.sol
FN:12,destroy
FNF:1
FNH:1
FNDA:2,destroy
DA:13,2
LF:1
LH:1
BRF:0
BRH:0
end_of_record
TN:
SF:/Users/user/Sites/zeppelin-solidity/contracts/lifecycle/Migrations.sol
FN:11,setCompleted
FN:15,upgrade
FNF:2
FNH:1
FNDA:2,setCompleted
FNDA:0,upgrade
DA:12,2
DA:16,0
DA:17,0
LF:3
LH:1
BRF:0
BRH:0
end_of_record
TN:
SF:/Users/user/Sites/zeppelin-solidity/contracts/lifecycle/Pausable.sol
FN:18,whenNotPaused
FN:23,whenPaused
FN:29,pause
FN:36,unpause
FNF:4
FNH:4
FNDA:15,whenNotPaused
FNDA:5,whenPaused
FNDA:8,pause
FNDA:3,unpause
DA:19,15
DA:20,12
DA:24,5
DA:25,4
DA:30,8
DA:31,8
DA:32,8
DA:37,3
DA:38,3
DA:39,3
LF:10
LH:10
BRDA:19,1,0,3
BRDA:19,1,1,12
BRDA:24,2,0,1
BRDA:24,2,1,4
BRF:4
BRH:4
end_of_record
TN:
SF:/Users/user/Sites/zeppelin-solidity/contracts/lifecycle/TokenDestructible.sol
FN:18,destroy
FNF:1
FNH:1
FNDA:2,destroy
DA:21,2
DA:22,1
DA:23,1
DA:24,1
DA:28,2
LF:5
LH:5
BRF:0
BRH:0
end_of_record
TN:
SF:/Users/user/Sites/zeppelin-solidity/contracts/LimitBalance.sol
FN:15,LimitBalance
FN:19,limitedPayable
FNF:2
FNH:2
FNDA:5,LimitBalance
FNDA:6,limitedPayable
DA:16,5
DA:20,6
DA:21,2
DA:23,4
LF:4
LH:4
BRDA:20,1,0,2
BRDA:20,1,1,4
BRF:2
BRH:2
end_of_record
TN:
SF:/Users/user/Sites/zeppelin-solidity/contracts/MultisigWallet.sol
FN:23,MultisigWallet
FN:28,destroy
FN:33,
FN:43,execute
FN:65,confirm
FN:76,setDailyLimit
FN:80,resetSpentToday
FN:87,clearPending
FNF:8
FNH:3
FNDA:4,MultisigWallet
FNDA:1,destroy
FNDA:0,
FNDA:5,execute
FNDA:0,confirm
FNDA:0,setDailyLimit
FNDA:0,resetSpentToday
FNDA:0,clearPending
DA:29,1
DA:35,0
DA:36,0
DA:45,5
DA:46,3
DA:48,3
DA:49,0
DA:51,3
DA:54,2
DA:55,2
DA:56,2
DA:57,2
DA:58,2
DA:59,2
DA:66,0
DA:67,0
DA:68,0
DA:70,0
DA:71,0
DA:72,0
DA:77,0
DA:81,0
DA:88,0
DA:89,0
DA:90,0
DA:92,0
LF:26
LH:11
BRDA:35,1,0,0
BRDA:35,1,1,0
BRDA:45,2,0,3
BRDA:45,2,1,2
BRDA:48,3,0,0
BRDA:48,3,1,3
BRDA:55,4,0,2
BRDA:55,4,1,0
BRDA:66,5,0,0
BRDA:66,5,1,0
BRDA:67,6,0,0
BRDA:67,6,1,0
BRF:12
BRH:4
end_of_record
TN:
SF:/Users/user/Sites/zeppelin-solidity/contracts/ownership/Claimable.sol
FN:15,onlyPendingOwner
FN:22,transferOwnership
FN:26,claimOwnership
FNF:3
FNH:3
FNDA:4,onlyPendingOwner
FNDA:6,transferOwnership
FNDA:1,claimOwnership
DA:16,4
DA:17,1
DA:19,3
DA:23,6
DA:27,1
DA:28,1
LF:6
LH:6
BRDA:16,1,0,1
BRDA:16,1,1,3
BRF:2
BRH:2
end_of_record
TN:
SF:/Users/user/Sites/zeppelin-solidity/contracts/ownership/Contactable.sol
FN:12,setContactInformation
FNF:1
FNH:1
FNDA:1,setContactInformation
DA:13,1
LF:1
LH:1
BRF:0
BRH:0
end_of_record
TN:
SF:/Users/user/Sites/zeppelin-solidity/contracts/ownership/DelayedClaimable.sol
FN:16,setLimits
FN:23,claimOwnership
FNF:2
FNH:2
FNDA:4,setLimits
FNDA:2,claimOwnership
DA:17,4
DA:18,1
DA:19,3
DA:20,3
DA:24,2
DA:25,1
DA:26,1
DA:27,1
DA:28,1
LF:9
LH:9
BRDA:17,1,0,1
BRDA:17,1,1,3
BRDA:24,2,0,1
BRDA:24,2,1,1
BRF:4
BRH:4
end_of_record
TN:
SF:/Users/user/Sites/zeppelin-solidity/contracts/ownership/HasNoContracts.sol
FN:14,reclaimContract
FNF:1
FNH:1
FNDA:1,reclaimContract
DA:15,1
DA:16,1
LF:2
LH:2
BRF:0
BRH:0
end_of_record
TN:
SF:/Users/user/Sites/zeppelin-solidity/contracts/ownership/HasNoEther.sol
FN:25,HasNoEther
FN:32,
FN:37,reclaimEther
FNF:3
FNH:2
FNDA:5,HasNoEther
FNDA:0,
FNDA:1,reclaimEther
DA:26,5
DA:27,1
DA:38,1
DA:39,0
LF:4
LH:3
BRDA:26,1,0,1
BRDA:26,1,1,4
BRDA:38,2,0,0
BRDA:38,2,1,1
BRF:4
BRH:3
end_of_record
TN:
SF:/Users/user/Sites/zeppelin-solidity/contracts/ownership/HasNoTokens.sol
FN:16,tokenFallback
FN:21,reclaimToken
FNF:2
FNH:2
FNDA:1,tokenFallback
FNDA:1,reclaimToken
DA:17,1
DA:22,1
DA:23,1
DA:24,1
LF:4
LH:4
BRF:0
BRH:0
end_of_record
TN:
SF:/Users/user/Sites/zeppelin-solidity/contracts/ownership/Multisig.sol
FNF:0
FNH:0
LF:0
LH:0
BRF:0
BRH:0
end_of_record
TN:
SF:/Users/user/Sites/zeppelin-solidity/contracts/ownership/NoOwner.sol
FNF:0
FNH:0
LF:0
LH:0
BRF:0
BRH:0
end_of_record
TN:
SF:/Users/user/Sites/zeppelin-solidity/contracts/ownership/Ownable.sol
FN:13,Ownable
FN:17,onlyOwner
FN:24,transferOwnership
FNF:3
FNH:3
FNDA:50,Ownable
FNDA:42,onlyOwner
FNDA:5,transferOwnership
DA:14,50
DA:18,42
DA:19,5
DA:21,37
DA:25,5
DA:26,4
LF:6
LH:6
BRDA:18,1,0,5
BRDA:18,1,1,37
BRDA:25,2,0,4
BRDA:25,2,1,1
BRF:4
BRH:4
end_of_record
TN:
SF:/Users/user/Sites/zeppelin-solidity/contracts/ownership/Shareable.sol
FN:41,onlyOwner
FN:51,onlymanyowners
FN:59,Shareable
FN:73,revoke
FN:89,getOwner
FN:93,isOwner
FN:97,hasConfirmed
FN:112,confirmAndCheck
FN:150,clearPending
FNF:9
FNH:7
FNDA:5,onlyOwner
FNDA:21,onlymanyowners
FNDA:9,Shareable
FNDA:1,revoke
FNDA:36,getOwner
FNDA:40,isOwner
FNDA:0,hasConfirmed
FNDA:21,confirmAndCheck
FNDA:0,clearPending
DA:42,5
DA:43,0
DA:45,5
DA:52,21
DA:53,5
DA:60,9
DA:61,9
DA:62,9
DA:63,155
DA:64,155
DA:66,9
DA:67,9
DA:68,0
DA:74,1
DA:76,1
DA:77,0
DA:79,1
DA:80,1
DA:81,1
DA:82,1
DA:83,1
DA:84,1
DA:90,36
DA:94,40
DA:98,0
DA:99,0
DA:102,0
DA:103,0
DA:107,0
DA:108,0
DA:114,21
DA:116,21
DA:117,0
DA:120,21
DA:122,21
DA:124,9
DA:126,9
DA:127,9
DA:128,9
DA:131,21
DA:133,21
DA:134,20
DA:136,20
DA:138,5
DA:139,5
DA:140,5
DA:143,15
DA:144,15
DA:147,16
DA:151,0
DA:152,0
DA:153,0
DA:154,0
DA:157,0
LF:54
LH:39
BRDA:42,1,0,0
BRDA:42,1,1,5
BRDA:52,2,0,5
BRDA:52,2,1,16
BRDA:67,3,0,0
BRDA:67,3,1,9
BRDA:76,4,0,0
BRDA:76,4,1,1
BRDA:81,5,0,1
BRDA:81,5,1,0
BRDA:102,6,0,0
BRDA:102,6,1,0
BRDA:116,7,0,0
BRDA:116,7,1,21
BRDA:122,8,0,9
BRDA:122,8,1,12
BRDA:133,9,0,20
BRDA:133,9,1,1
BRDA:136,10,0,5
BRDA:136,10,1,15
BRDA:153,11,0,0
BRDA:153,11,1,0
BRF:22
BRH:13
end_of_record
TN:
SF:/Users/user/Sites/zeppelin-solidity/contracts/payment/PullPayment.sol
FN:19,asyncSend
FN:25,withdrawPayments
FNF:2
FNH:2
FNDA:7,asyncSend
FNDA:3,withdrawPayments
DA:20,7
DA:21,7
DA:26,3
DA:27,3
DA:29,3
DA:30,1
DA:33,2
DA:34,0
DA:37,2
DA:38,2
DA:40,2
DA:41,0
LF:12
LH:10
BRDA:29,1,0,1
BRDA:29,1,1,2
BRDA:33,2,0,0
BRDA:33,2,1,2
BRDA:40,3,0,0
BRDA:40,3,1,2
BRF:6
BRH:4
end_of_record
TN:
SF:/Users/user/Sites/zeppelin-solidity/contracts/ReentrancyGuard.sol
FN:18,nonReentrant
FNF:1
FNH:1
FNDA:6,nonReentrant
DA:19,6
DA:20,3
DA:21,3
DA:22,0
DA:24,3
LF:5
LH:4
BRDA:19,1,0,3
BRDA:19,1,1,3
BRF:2
BRH:2
end_of_record
TN:
SF:/Users/user/Sites/zeppelin-solidity/contracts/SafeMath.sol
FN:8,mul
FN:14,div
FN:21,sub
FN:26,add
FN:32,max64
FN:36,min64
FN:40,max256
FN:44,min256
FN:48,assert
FNF:9
FNH:6
FNDA:9,mul
FNDA:8,div
FNDA:99,sub
FNDA:66,add
FNDA:0,max64
FNDA:0,min64
FNDA:0,max256
FNDA:24,min256
FNDA:190,assert
DA:9,9
DA:10,9
DA:11,9
DA:15,8
DA:16,8
DA:17,8
DA:18,8
DA:22,99
DA:23,95
DA:27,66
DA:28,66
DA:29,66
DA:33,0
DA:37,0
DA:41,0
DA:45,24
DA:49,190
DA:50,4
LF:18
LH:15
BRDA:49,1,0,4
BRDA:49,1,1,186
BRF:2
BRH:2
end_of_record
TN:
SF:/Users/user/Sites/zeppelin-solidity/contracts/token/BasicToken.sol
FN:20,onlyPayloadSize
FN:27,transfer
FN:33,balanceOf
FNF:3
FNH:3
FNDA:29,onlyPayloadSize
FNDA:29,transfer
FNDA:59,balanceOf
DA:21,29
DA:22,0
DA:24,29
DA:28,29
DA:29,27
DA:30,27
DA:34,59
LF:7
LH:6
BRDA:21,1,0,0
BRDA:21,1,1,29
BRF:2
BRH:1
end_of_record
TN:
SF:/Users/user/Sites/zeppelin-solidity/contracts/token/CrowdsaleToken.sol
FN:26,
FN:30,createTokens
FN:46,getPrice
FNF:3
FNH:0
FNDA:0,
FNDA:0,createTokens
FNDA:0,getPrice
DA:27,0
DA:31,0
DA:32,0
DA:35,0
DA:36,0
DA:38,0
DA:40,0
DA:41,0
DA:47,0
LF:9
LH:0
BRDA:31,1,0,0
BRDA:31,1,1,0
BRDA:40,2,0,0
BRDA:40,2,1,0
BRF:4
BRH:0
end_of_record
TN:
SF:/Users/user/Sites/zeppelin-solidity/contracts/token/ERC20.sol
FNF:0
FNH:0
LF:0
LH:0
BRF:0
BRH:0
end_of_record
TN:
SF:/Users/user/Sites/zeppelin-solidity/contracts/token/ERC20Basic.sol
FNF:0
FNH:0
LF:0
LH:0
BRF:0
BRH:0
end_of_record
TN:
SF:/Users/user/Sites/zeppelin-solidity/contracts/token/LimitedTransferToken.sol
FN:30,canTransfer
FN:36,transfer
FN:41,transferFrom
FN:46,transferableTokens
FNF:4
FNH:4
FNDA:20,canTransfer
FNDA:17,transfer
FNDA:1,transferFrom
FNDA:24,transferableTokens
DA:31,20
DA:32,18
DA:37,17
DA:42,1
DA:47,24
LF:5
LH:5
BRDA:31,1,0,2
BRDA:31,1,1,18
BRF:2
BRH:2
end_of_record
TN:
SF:/Users/user/Sites/zeppelin-solidity/contracts/token/MintableToken.sol
FN:26,canMint
FN:31,mint
FN:38,finishMinting
FNF:3
FNH:2
FNDA:1,canMint
FNDA:1,mint
FNDA:0,finishMinting
DA:27,1
DA:28,1
DA:32,1
DA:33,1
DA:34,1
DA:35,1
DA:39,0
DA:40,0
DA:41,0
LF:9
LH:6
BRDA:27,1,0,0
BRDA:27,1,1,1
BRF:2
BRH:1
end_of_record
TN:
SF:/Users/user/Sites/zeppelin-solidity/contracts/token/PausableToken.sol
FN:18,transfer
FN:22,transferFrom
FNF:2
FNH:1
FNDA:2,transfer
FNDA:0,transferFrom
DA:19,2
DA:23,0
LF:2
LH:1
BRF:0
BRH:0
end_of_record
TN:
SF:/Users/user/Sites/zeppelin-solidity/contracts/token/SimpleToken.sol
FN:21,SimpleToken
FNF:1
FNH:0
FNDA:0,SimpleToken
DA:22,0
DA:23,0
LF:2
LH:0
BRF:0
BRH:0
end_of_record
TN:
SF:/Users/user/Sites/zeppelin-solidity/contracts/token/StandardToken.sol
FN:19,transferFrom
FN:31,approve
FN:36,allowance
FNF:3
FNH:3
FNDA:3,transferFrom
FNDA:5,approve
FNDA:1,allowance
DA:20,3
DA:25,3
DA:26,3
DA:27,2
DA:28,2
DA:32,5
DA:33,5
DA:37,1
LF:8
LH:8
BRF:0
BRH:0
end_of_record
TN:
SF:/Users/user/Sites/zeppelin-solidity/contracts/token/VestedToken.sol
FN:18,grantVestedTokens
FN:42,revokeTokenGrant
FN:60,tokenGrantsCount
FN:64,tokenGrant
FN:76,vestedTokens
FN:86,calculateVestedTokens
FN:109,nonVestedTokens
FN:113,lastTokenIsTransferableDate
FN:121,transferableTokens
FNF:9
FNH:6
FNDA:12,grantVestedTokens
FNDA:3,revokeTokenGrant
FNDA:0,tokenGrantsCount
FNDA:0,tokenGrant
FNDA:15,vestedTokens
FNDA:15,calculateVestedTokens
FNDA:15,nonVestedTokens
FNDA:0,lastTokenIsTransferableDate
FNDA:24,transferableTokens
DA:25,12
DA:26,0
DA:28,12
DA:29,0
DA:31,12
DA:32,0
DA:36,12
DA:37,12
DA:39,12
DA:43,3
DA:45,3
DA:46,1
DA:48,2
DA:51,2
DA:52,2
DA:53,2
DA:55,2
DA:56,2
DA:57,2
DA:61,0
DA:65,0
DA:67,0
DA:68,0
DA:69,0
DA:70,0
DA:71,0
DA:73,0
DA:77,15
DA:94,15
DA:95,6
DA:97,9
DA:98,5
DA:101,4
DA:102,4
DA:104,4
DA:106,4
DA:110,15
DA:114,0
DA:115,0
DA:116,0
DA:117,0
DA:122,24
DA:123,24
DA:124,13
DA:125,13
DA:128,24
LF:46
LH:31
BRDA:25,1,0,0
BRDA:25,1,1,12
BRDA:28,2,0,0
BRDA:28,2,1,12
BRDA:31,3,0,0
BRDA:31,3,1,12
BRDA:45,4,0,1
BRDA:45,4,1,2
BRDA:94,5,0,6
BRDA:94,5,1,9
BRDA:97,6,0,5
BRDA:97,6,1,4
BRF:12
BRH:9
end_of_record
